The C compiler identification could not be found in "/home/kail/Рабочий стол/Engine/cmake-build-debug-coverage/CMakeFiles/3.17.5/CompilerIdC/CMakeCCompilerId.gcno"

The CXX compiler identification could not be found in "/home/kail/Рабочий стол/Engine/cmake-build-debug-coverage/CMakeFiles/3.17.5/CompilerIdCXX/CMakeCXXCompilerId.gcno"

Performing C SOURCE FILE Test CMAKE_HAVE_LIBC_PTHREAD failed with the following output:
Change Dir: /home/kail/Рабочий стол/Engine/cmake-build-debug-coverage/CMakeFiles/CMakeTmp

Run Build Command(s):/usr/bin/make cmTC_dc218/fast && /usr/bin/make  -f CMakeFiles/cmTC_dc218.dir/build.make CMakeFiles/cmTC_dc218.dir/build
make[1]: вход в каталог «/home/kail/Рабочий стол/Engine/cmake-build-debug-coverage/CMakeFiles/CMakeTmp»
Building C object CMakeFiles/cmTC_dc218.dir/src.c.o
/usr/bin/cc   --coverage -DCMAKE_HAVE_LIBC_PTHREAD   -o CMakeFiles/cmTC_dc218.dir/src.c.o   -c "/home/kail/Рабочий стол/Engine/cmake-build-debug-coverage/CMakeFiles/CMakeTmp/src.c"
Linking C executable cmTC_dc218
"/home/kail/Рабочий стол/clion-2020.3.1/bin/cmake/linux/bin/cmake" -E cmake_link_script CMakeFiles/cmTC_dc218.dir/link.txt --verbose=1
/usr/bin/cc --coverage -DCMAKE_HAVE_LIBC_PTHREAD    CMakeFiles/cmTC_dc218.dir/src.c.o  -o cmTC_dc218 
/usr/bin/ld: CMakeFiles/cmTC_dc218.dir/src.c.o: в функции «main»:
src.c:(.text+0x6a): неопределённая ссылка на «pthread_create»
/usr/bin/ld: src.c:(.text+0x88): неопределённая ссылка на «pthread_detach»
/usr/bin/ld: src.c:(.text+0xa6): неопределённая ссылка на «pthread_cancel»
/usr/bin/ld: src.c:(.text+0xc9): неопределённая ссылка на «pthread_join»
collect2: error: ld returned 1 exit status
make[1]: *** [CMakeFiles/cmTC_dc218.dir/build.make:107: cmTC_dc218] Ошибка 1
make[1]: выход из каталога «/home/kail/Рабочий стол/Engine/cmake-build-debug-coverage/CMakeFiles/CMakeTmp»
make: *** [Makefile:141: cmTC_dc218/fast] Ошибка 2


Source file was:
#include <pthread.h>

void* test_func(void* data)
{
  return data;
}

int main(void)
{
  pthread_t thread;
  pthread_create(&thread, NULL, test_func, NULL);
  pthread_detach(thread);
  pthread_cancel(thread);
  pthread_join(thread, NULL);
  pthread_atfork(NULL, NULL, NULL);
  pthread_exit(NULL);

  return 0;
}

Determining if the function pthread_create exists in the pthreads failed with the following output:
Change Dir: /home/kail/Рабочий стол/Engine/cmake-build-debug-coverage/CMakeFiles/CMakeTmp

Run Build Command(s):/usr/bin/make cmTC_e9953/fast && /usr/bin/make  -f CMakeFiles/cmTC_e9953.dir/build.make CMakeFiles/cmTC_e9953.dir/build
make[1]: вход в каталог «/home/kail/Рабочий стол/Engine/cmake-build-debug-coverage/CMakeFiles/CMakeTmp»
Building C object CMakeFiles/cmTC_e9953.dir/CheckFunctionExists.c.o
/usr/bin/cc   --coverage -DCHECK_FUNCTION_EXISTS=pthread_create   -o CMakeFiles/cmTC_e9953.dir/CheckFunctionExists.c.o   -c "/home/kail/Рабочий стол/clion-2020.3.1/bin/cmake/linux/share/cmake-3.17/Modules/CheckFunctionExists.c"
Linking C executable cmTC_e9953
"/home/kail/Рабочий стол/clion-2020.3.1/bin/cmake/linux/bin/cmake" -E cmake_link_script CMakeFiles/cmTC_e9953.dir/link.txt --verbose=1
/usr/bin/cc --coverage -DCHECK_FUNCTION_EXISTS=pthread_create    CMakeFiles/cmTC_e9953.dir/CheckFunctionExists.c.o  -o cmTC_e9953  -lpthreads 
/usr/bin/ld: невозможно найти -lpthreads
collect2: error: ld returned 1 exit status
make[1]: *** [CMakeFiles/cmTC_e9953.dir/build.make:107: cmTC_e9953] Ошибка 1
make[1]: выход из каталога «/home/kail/Рабочий стол/Engine/cmake-build-debug-coverage/CMakeFiles/CMakeTmp»
make: *** [Makefile:141: cmTC_e9953/fast] Ошибка 2



